<?xml version="1.0" encoding="UTF-8"?>
<!-- Generated by org.testng.reporters.JUnitReportReporter -->
<testsuite hostname="LAPTOP-7G2HCJIF" failures="0" tests="1" name="com.TestScript.ElectronicsTest" time="12.867" errors="0" timestamp="2024-05-01T12:42:29 IST" skipped="0">
  <testcase classname="com.TestScript.ElectronicsTest" name="ElectronicsTest" time="12.867"/>
</testsuite> <!-- com.TestScript.ElectronicsTest -->
