<?xml version="1.0" encoding="UTF-8"?>
<!-- Generated by org.testng.reporters.JUnitReportReporter -->
<testsuite hostname="LAPTOP-7G2HCJIF" failures="0" tests="1" name="com.TestScript.RegisterTest" time="9.976" errors="0" timestamp="2024-05-01T15:26:57 IST" skipped="0">
  <testcase classname="com.TestScript.RegisterTest" name="test" time="9.976"/>
</testsuite> <!-- com.TestScript.RegisterTest -->
