<?xml version="1.0" encoding="UTF-8"?>
<!-- Generated by org.testng.reporters.JUnitReportReporter -->
<testsuite hostname="LAPTOP-7G2HCJIF" failures="0" tests="1" name="com.TestScript.zeee" time="10.338" errors="0" timestamp="2024-05-01T15:18:54 IST" skipped="0">
  <testcase classname="com.TestScript.zeee" name="test" time="10.338"/>
</testsuite> <!-- com.TestScript.zeee -->
