<?xml version="1.0" encoding="UTF-8"?>
<!-- Generated by org.testng.reporters.JUnitReportReporter -->
<testsuite hostname="LAPTOP-7G2HCJIF" failures="0" tests="9" name="com.TestScript.DependsOnMethodTest" time="30.561" errors="0" timestamp="2024-04-25T15:48:43 IST" skipped="0">
  <testcase classname="com.TestScript.DependsOnMethodTest" name="confirmpayment" time="1.510"/>
  <testcase classname="com.TestScript.DependsOnMethodTest" name="register" time="1.658"/>
  <testcase classname="com.TestScript.DependsOnMethodTest" name="addtocart" time="1.412"/>
  <testcase classname="com.TestScript.DependsOnMethodTest" name="login" time="1.461"/>
  <testcase classname="com.TestScript.DependsOnMethodTest" name="register" time="5.731"/>
  <testcase classname="com.TestScript.DependsOnMethodTest" name="register" time="5.731"/>
  <testcase classname="com.TestScript.DependsOnMethodTest" name="payment" time="1.440"/>
  <testcase classname="com.TestScript.DependsOnMethodTest" name="register" time="5.762"/>
  <testcase classname="com.TestScript.DependsOnMethodTest" name="register" time="5.856"/>
</testsuite> <!-- com.TestScript.DependsOnMethodTest -->
